[INFO] Scanning for projects...
[INFO]                                                                         
[INFO] ------------------------------------------------------------------------
[INFO] Building Spring Boot Metrics Redis Sample 2.0.0.BUILD-SNAPSHOT
[INFO] ------------------------------------------------------------------------
[INFO] 
[INFO] --- maven-enforcer-plugin:1.4:enforce (enforce-rules) @ spring-boot-sample-metrics-redis ---
[INFO] 
[INFO] --- maven-resources-plugin:2.6:resources (default-resources) @ spring-boot-sample-metrics-redis ---
[INFO] Using 'UTF-8' encoding to copy filtered resources.
[INFO] Copying 1 resource
[INFO] Copying 0 resource
[INFO] 
[INFO] --- maven-compiler-plugin:3.1:compile (default-compile) @ spring-boot-sample-metrics-redis ---
[INFO] Changes detected - recompiling the module!
[INFO] Compiling 4 source files to /Users/fjabbari/RepoSpringBoot_spring-projects_spring-boot_goodExamples_github_good/spring-boot/spring-boot-samples/spring-boot-sample-metrics-redis/target/classes
[INFO] 
[INFO] --- maven-resources-plugin:2.6:testResources (default-testResources) @ spring-boot-sample-metrics-redis ---
[INFO] Using 'UTF-8' encoding to copy filtered resources.
[INFO] skip non existing resourceDirectory /Users/fjabbari/RepoSpringBoot_spring-projects_spring-boot_goodExamples_github_good/spring-boot/spring-boot-samples/spring-boot-sample-metrics-redis/src/test/resources
[INFO] 
[INFO] --- maven-compiler-plugin:3.1:testCompile (default-testCompile) @ spring-boot-sample-metrics-redis ---
[INFO] Changes detected - recompiling the module!
[INFO] Compiling 1 source file to /Users/fjabbari/RepoSpringBoot_spring-projects_spring-boot_goodExamples_github_good/spring-boot/spring-boot-samples/spring-boot-sample-metrics-redis/target/test-classes
[INFO] 
[INFO] --- maven-surefire-plugin:2.18.1:test (default-test) @ spring-boot-sample-metrics-redis ---
[INFO] Surefire report directory: /Users/fjabbari/RepoSpringBoot_spring-projects_spring-boot_goodExamples_github_good/spring-boot/spring-boot-samples/spring-boot-sample-metrics-redis/target/surefire-reports

-------------------------------------------------------
 T E S T S
-------------------------------------------------------
19:28:46.954 [main] DEBUG org.springframework.test.context.junit4.SpringJUnit4ClassRunner - SpringJUnit4ClassRunner constructor called with [class sample.metrics.redis.SampleRedisExportApplicationTests]
19:28:46.960 [main] DEBUG org.springframework.test.context.BootstrapUtils - Instantiating CacheAwareContextLoaderDelegate from class [org.springframework.test.context.cache.DefaultCacheAwareContextLoaderDelegate]
19:28:46.969 [main] DEBUG org.springframework.test.context.BootstrapUtils - Instantiating BootstrapContext using constructor [public org.springframework.test.context.support.DefaultBootstrapContext(java.lang.Class,org.springframework.test.context.CacheAwareContextLoaderDelegate)]
19:28:47.017 [main] DEBUG org.springframework.test.context.BootstrapUtils - Instantiating TestContextBootstrapper for test class [sample.metrics.redis.SampleRedisExportApplicationTests] from class [org.springframework.boot.test.context.SpringBootTestContextBootstrapper]
19:28:47.026 [main] INFO org.springframework.boot.test.context.SpringBootTestContextBootstrapper - Neither @ContextConfiguration nor @ContextHierarchy found for test class [sample.metrics.redis.SampleRedisExportApplicationTests], using SpringBootContextLoader
19:28:47.029 [main] DEBUG org.springframework.test.context.support.AbstractContextLoader - Did not detect default resource location for test class [sample.metrics.redis.SampleRedisExportApplicationTests]: class path resource [sample/metrics/redis/SampleRedisExportApplicationTests-context.xml] does not exist
19:28:47.029 [main] DEBUG org.springframework.test.context.support.AbstractContextLoader - Did not detect default resource location for test class [sample.metrics.redis.SampleRedisExportApplicationTests]: class path resource [sample/metrics/redis/SampleRedisExportApplicationTestsContext.groovy] does not exist
19:28:47.029 [main] INFO org.springframework.test.context.support.AbstractContextLoader - Could not detect default resource locations for test class [sample.metrics.redis.SampleRedisExportApplicationTests]: no resource found for suffixes {-context.xml, Context.groovy}.
19:28:47.030 [main] INFO org.springframework.test.context.support.AnnotationConfigContextLoaderUtils - Could not detect default configuration classes for test class [sample.metrics.redis.SampleRedisExportApplicationTests]: SampleRedisExportApplicationTests does not declare any static, non-private, non-final, nested classes annotated with @Configuration.
19:28:47.062 [main] DEBUG org.springframework.test.context.support.ActiveProfilesUtils - Could not find an 'annotation declaring class' for annotation type [org.springframework.test.context.ActiveProfiles] and class [sample.metrics.redis.SampleRedisExportApplicationTests]
19:28:47.069 [main] DEBUG org.springframework.core.env.StandardEnvironment - Adding [systemProperties] PropertySource with lowest search precedence
19:28:47.070 [main] DEBUG org.springframework.core.env.StandardEnvironment - Adding [systemEnvironment] PropertySource with lowest search precedence
19:28:47.070 [main] DEBUG org.springframework.core.env.StandardEnvironment - Initialized StandardEnvironment with PropertySources [systemProperties,systemEnvironment]
19:28:47.078 [main] DEBUG org.springframework.core.io.support.PathMatchingResourcePatternResolver - Resolved classpath location [sample/metrics/redis/] to resources [URL [file:/Users/fjabbari/RepoSpringBoot_spring-projects_spring-boot_goodExamples_github_good/spring-boot/spring-boot-samples/spring-boot-sample-metrics-redis/target/test-classes/sample/metrics/redis/], URL [file:/Users/fjabbari/RepoSpringBoot_spring-projects_spring-boot_goodExamples_github_good/spring-boot/spring-boot-samples/spring-boot-sample-metrics-redis/target/classes/sample/metrics/redis/]]
19:28:47.078 [main] DEBUG org.springframework.core.io.support.PathMatchingResourcePatternResolver - Looking for matching resources in directory tree [/Users/fjabbari/RepoSpringBoot_spring-projects_spring-boot_goodExamples_github_good/spring-boot/spring-boot-samples/spring-boot-sample-metrics-redis/target/test-classes/sample/metrics/redis]
19:28:47.078 [main] DEBUG org.springframework.core.io.support.PathMatchingResourcePatternResolver - Searching directory [/Users/fjabbari/RepoSpringBoot_spring-projects_spring-boot_goodExamples_github_good/spring-boot/spring-boot-samples/spring-boot-sample-metrics-redis/target/test-classes/sample/metrics/redis] for files matching pattern [/Users/fjabbari/RepoSpringBoot_spring-projects_spring-boot_goodExamples_github_good/spring-boot/spring-boot-samples/spring-boot-sample-metrics-redis/target/test-classes/sample/metrics/redis/*.class]
19:28:47.081 [main] DEBUG org.springframework.core.io.support.PathMatchingResourcePatternResolver - Looking for matching resources in directory tree [/Users/fjabbari/RepoSpringBoot_spring-projects_spring-boot_goodExamples_github_good/spring-boot/spring-boot-samples/spring-boot-sample-metrics-redis/target/classes/sample/metrics/redis]
19:28:47.081 [main] DEBUG org.springframework.core.io.support.PathMatchingResourcePatternResolver - Searching directory [/Users/fjabbari/RepoSpringBoot_spring-projects_spring-boot_goodExamples_github_good/spring-boot/spring-boot-samples/spring-boot-sample-metrics-redis/target/classes/sample/metrics/redis] for files matching pattern [/Users/fjabbari/RepoSpringBoot_spring-projects_spring-boot_goodExamples_github_good/spring-boot/spring-boot-samples/spring-boot-sample-metrics-redis/target/classes/sample/metrics/redis/*.class]
19:28:47.082 [main] DEBUG org.springframework.core.io.support.PathMatchingResourcePatternResolver - Resolved location pattern [classpath*:sample/metrics/redis/*.class] to resources [file [/Users/fjabbari/RepoSpringBoot_spring-projects_spring-boot_goodExamples_github_good/spring-boot/spring-boot-samples/spring-boot-sample-metrics-redis/target/test-classes/sample/metrics/redis/SampleRedisExportApplicationTests.class], file [/Users/fjabbari/RepoSpringBoot_spring-projects_spring-boot_goodExamples_github_good/spring-boot/spring-boot-samples/spring-boot-sample-metrics-redis/target/classes/sample/metrics/redis/AggregateMetricsConfiguration.class], file [/Users/fjabbari/RepoSpringBoot_spring-projects_spring-boot_goodExamples_github_good/spring-boot/spring-boot-samples/spring-boot-sample-metrics-redis/target/classes/sample/metrics/redis/HelloWorldService.class], file [/Users/fjabbari/RepoSpringBoot_spring-projects_spring-boot_goodExamples_github_good/spring-boot/spring-boot-samples/spring-boot-sample-metrics-redis/target/classes/sample/metrics/redis/SampleController$Message.class], file [/Users/fjabbari/RepoSpringBoot_spring-projects_spring-boot_goodExamples_github_good/spring-boot/spring-boot-samples/spring-boot-sample-metrics-redis/target/classes/sample/metrics/redis/SampleController.class], file [/Users/fjabbari/RepoSpringBoot_spring-projects_spring-boot_goodExamples_github_good/spring-boot/spring-boot-samples/spring-boot-sample-metrics-redis/target/classes/sample/metrics/redis/SampleRedisExportApplication.class]]
19:28:47.130 [main] DEBUG org.springframework.context.annotation.ClassPathScanningCandidateComponentProvider - Identified candidate component class: file [/Users/fjabbari/RepoSpringBoot_spring-projects_spring-boot_goodExamples_github_good/spring-boot/spring-boot-samples/spring-boot-sample-metrics-redis/target/classes/sample/metrics/redis/SampleRedisExportApplication.class]
19:28:47.131 [main] INFO org.springframework.boot.test.context.SpringBootTestContextBootstrapper - Found @SpringBootConfiguration sample.metrics.redis.SampleRedisExportApplication for test class sample.metrics.redis.SampleRedisExportApplicationTests
19:28:47.133 [main] DEBUG org.springframework.boot.test.context.SpringBootTestContextBootstrapper - @TestExecutionListeners is not present for class [sample.metrics.redis.SampleRedisExportApplicationTests]: using defaults.
19:28:47.135 [main] INFO org.springframework.boot.test.context.SpringBootTestContextBootstrapper - Loaded default TestExecutionListener class names from location [META-INF/spring.factories]: [org.springframework.boot.test.mock.mockito.MockitoTestExecutionListener, org.springframework.boot.test.mock.mockito.ResetMocksTestExecutionListener, org.springframework.boot.test.autoconfigure.restdocs.RestDocsTestExecutionListener, org.springframework.boot.test.autoconfigure.web.client.MockRestServiceServerResetTestExecutionListener, org.springframework.boot.test.autoconfigure.web.servlet.MockMvcPrintOnlyOnFailureTestExecutionListener, org.springframework.boot.test.autoconfigure.web.servlet.WebDriverTestExecutionListener, org.springframework.test.context.web.ServletTestExecutionListener, org.springframework.test.context.support.DirtiesContextBeforeModesTestExecutionListener, org.springframework.test.context.support.DependencyInjectionTestExecutionListener, org.springframework.test.context.support.DirtiesContextTestExecutionListener, org.springframework.test.context.transaction.TransactionalTestExecutionListener, org.springframework.test.context.jdbc.SqlScriptsTestExecutionListener]
19:28:47.149 [main] INFO org.springframework.boot.test.context.SpringBootTestContextBootstrapper - Using TestExecutionListeners: [org.springframework.test.context.web.ServletTestExecutionListener@7f77e91b, org.springframework.test.context.support.DirtiesContextBeforeModesTestExecutionListener@44a664f2, org.springframework.boot.test.autoconfigure.SpringBootDependencyInjectionTestExecutionListener@7f9fcf7f, org.springframework.test.context.support.DirtiesContextTestExecutionListener@2357d90a, org.springframework.test.context.transaction.TransactionalTestExecutionListener@6328d34a, org.springframework.test.context.jdbc.SqlScriptsTestExecutionListener@145eaa29, org.springframework.boot.test.autoconfigure.web.client.MockRestServiceServerResetTestExecutionListener@15bb6bea, org.springframework.boot.test.autoconfigure.web.servlet.WebDriverTestExecutionListener@8b96fde, org.springframework.boot.test.autoconfigure.restdocs.RestDocsTestExecutionListener@2d2e5f00, org.springframework.boot.test.mock.mockito.MockitoTestExecutionListener@4c40b76e, org.springframework.boot.test.mock.mockito.ResetMocksTestExecutionListener@2ea6137, org.springframework.boot.test.autoconfigure.web.servlet.MockMvcPrintOnlyOnFailureTestExecutionListener@41ee392b]
19:28:47.151 [main] DEBUG org.springframework.test.annotation.ProfileValueUtils - Retrieved @ProfileValueSourceConfiguration [null] for test class [sample.metrics.redis.SampleRedisExportApplicationTests]
19:28:47.152 [main] DEBUG org.springframework.test.annotation.ProfileValueUtils - Retrieved ProfileValueSource type [class org.springframework.test.annotation.SystemProfileValueSource] for class [sample.metrics.redis.SampleRedisExportApplicationTests]
Running sample.metrics.redis.SampleRedisExportApplicationTests
19:28:47.154 [main] DEBUG org.springframework.test.context.junit4.SpringJUnit4ClassRunner - SpringJUnit4ClassRunner constructor called with [class sample.metrics.redis.SampleRedisExportApplicationTests]
19:28:47.154 [main] DEBUG org.springframework.test.context.BootstrapUtils - Instantiating CacheAwareContextLoaderDelegate from class [org.springframework.test.context.cache.DefaultCacheAwareContextLoaderDelegate]
19:28:47.154 [main] DEBUG org.springframework.test.context.BootstrapUtils - Instantiating BootstrapContext using constructor [public org.springframework.test.context.support.DefaultBootstrapContext(java.lang.Class,org.springframework.test.context.CacheAwareContextLoaderDelegate)]
19:28:47.154 [main] DEBUG org.springframework.test.context.BootstrapUtils - Instantiating TestContextBootstrapper for test class [sample.metrics.redis.SampleRedisExportApplicationTests] from class [org.springframework.boot.test.context.SpringBootTestContextBootstrapper]
19:28:47.155 [main] INFO org.springframework.boot.test.context.SpringBootTestContextBootstrapper - Neither @ContextConfiguration nor @ContextHierarchy found for test class [sample.metrics.redis.SampleRedisExportApplicationTests], using SpringBootContextLoader
19:28:47.155 [main] DEBUG org.springframework.test.context.support.AbstractContextLoader - Did not detect default resource location for test class [sample.metrics.redis.SampleRedisExportApplicationTests]: class path resource [sample/metrics/redis/SampleRedisExportApplicationTests-context.xml] does not exist
19:28:47.155 [main] DEBUG org.springframework.test.context.support.AbstractContextLoader - Did not detect default resource location for test class [sample.metrics.redis.SampleRedisExportApplicationTests]: class path resource [sample/metrics/redis/SampleRedisExportApplicationTestsContext.groovy] does not exist
19:28:47.155 [main] INFO org.springframework.test.context.support.AbstractContextLoader - Could not detect default resource locations for test class [sample.metrics.redis.SampleRedisExportApplicationTests]: no resource found for suffixes {-context.xml, Context.groovy}.
19:28:47.155 [main] INFO org.springframework.test.context.support.AnnotationConfigContextLoaderUtils - Could not detect default configuration classes for test class [sample.metrics.redis.SampleRedisExportApplicationTests]: SampleRedisExportApplicationTests does not declare any static, non-private, non-final, nested classes annotated with @Configuration.
19:28:47.159 [main] DEBUG org.springframework.test.context.support.ActiveProfilesUtils - Could not find an 'annotation declaring class' for annotation type [org.springframework.test.context.ActiveProfiles] and class [sample.metrics.redis.SampleRedisExportApplicationTests]
19:28:47.159 [main] DEBUG org.springframework.core.env.StandardEnvironment - Adding [systemProperties] PropertySource with lowest search precedence
19:28:47.159 [main] DEBUG org.springframework.core.env.StandardEnvironment - Adding [systemEnvironment] PropertySource with lowest search precedence
19:28:47.160 [main] DEBUG org.springframework.core.env.StandardEnvironment - Initialized StandardEnvironment with PropertySources [systemProperties,systemEnvironment]
19:28:47.160 [main] INFO org.springframework.boot.test.context.SpringBootTestContextBootstrapper - Found @SpringBootConfiguration sample.metrics.redis.SampleRedisExportApplication for test class sample.metrics.redis.SampleRedisExportApplicationTests
19:28:47.161 [main] DEBUG org.springframework.boot.test.context.SpringBootTestContextBootstrapper - @TestExecutionListeners is not present for class [sample.metrics.redis.SampleRedisExportApplicationTests]: using defaults.
19:28:47.163 [main] INFO org.springframework.boot.test.context.SpringBootTestContextBootstrapper - Loaded default TestExecutionListener class names from location [META-INF/spring.factories]: [org.springframework.boot.test.mock.mockito.MockitoTestExecutionListener, org.springframework.boot.test.mock.mockito.ResetMocksTestExecutionListener, org.springframework.boot.test.autoconfigure.restdocs.RestDocsTestExecutionListener, org.springframework.boot.test.autoconfigure.web.client.MockRestServiceServerResetTestExecutionListener, org.springframework.boot.test.autoconfigure.web.servlet.MockMvcPrintOnlyOnFailureTestExecutionListener, org.springframework.boot.test.autoconfigure.web.servlet.WebDriverTestExecutionListener, org.springframework.test.context.web.ServletTestExecutionListener, org.springframework.test.context.support.DirtiesContextBeforeModesTestExecutionListener, org.springframework.test.context.support.DependencyInjectionTestExecutionListener, org.springframework.test.context.support.DirtiesContextTestExecutionListener, org.springframework.test.context.transaction.TransactionalTestExecutionListener, org.springframework.test.context.jdbc.SqlScriptsTestExecutionListener]
19:28:47.166 [main] INFO org.springframework.boot.test.context.SpringBootTestContextBootstrapper - Using TestExecutionListeners: [org.springframework.test.context.web.ServletTestExecutionListener@6156496, org.springframework.test.context.support.DirtiesContextBeforeModesTestExecutionListener@3c153a1, org.springframework.boot.test.autoconfigure.SpringBootDependencyInjectionTestExecutionListener@b62fe6d, org.springframework.test.context.support.DirtiesContextTestExecutionListener@13acb0d1, org.springframework.test.context.transaction.TransactionalTestExecutionListener@3e3047e6, org.springframework.test.context.jdbc.SqlScriptsTestExecutionListener@37e547da, org.springframework.boot.test.autoconfigure.web.client.MockRestServiceServerResetTestExecutionListener@2b6856dd, org.springframework.boot.test.autoconfigure.web.servlet.WebDriverTestExecutionListener@5db45159, org.springframework.boot.test.autoconfigure.restdocs.RestDocsTestExecutionListener@6107227e, org.springframework.boot.test.mock.mockito.MockitoTestExecutionListener@7c417213, org.springframework.boot.test.mock.mockito.ResetMocksTestExecutionListener@15761df8, org.springframework.boot.test.autoconfigure.web.servlet.MockMvcPrintOnlyOnFailureTestExecutionListener@6ab7a896]
19:28:47.166 [main] DEBUG org.springframework.test.annotation.ProfileValueUtils - Retrieved @ProfileValueSourceConfiguration [null] for test class [sample.metrics.redis.SampleRedisExportApplicationTests]
19:28:47.166 [main] DEBUG org.springframework.test.annotation.ProfileValueUtils - Retrieved ProfileValueSource type [class org.springframework.test.annotation.SystemProfileValueSource] for class [sample.metrics.redis.SampleRedisExportApplicationTests]
19:28:47.167 [main] DEBUG org.springframework.test.annotation.ProfileValueUtils - Retrieved @ProfileValueSourceConfiguration [null] for test class [sample.metrics.redis.SampleRedisExportApplicationTests]
19:28:47.167 [main] DEBUG org.springframework.test.annotation.ProfileValueUtils - Retrieved ProfileValueSource type [class org.springframework.test.annotation.SystemProfileValueSource] for class [sample.metrics.redis.SampleRedisExportApplicationTests]
19:28:47.172 [main] DEBUG org.springframework.test.context.support.AbstractDirtiesContextTestExecutionListener - Before test class: context [DefaultTestContext@8909f18 testClass = SampleRedisExportApplicationTests, testInstance = [null], testMethod = [null], testException = [null], mergedContextConfiguration = [WebMergedContextConfiguration@79ca92b9 testClass = SampleRedisExportApplicationTests, locations = '{}', classes = '{class sample.metrics.redis.SampleRedisExportApplication}', contextInitializerClasses = '[]', activeProfiles = '{}', propertySourceLocations = '{}', propertySourceProperties = '{spring.jmx.enabled=true, org.springframework.boot.test.context.SpringBootTestContextBootstrapper=true, server.port=0}', contextCustomizers = set[org.springframework.boot.test.context.SpringBootTestContextCustomizer@71bbf57e, org.springframework.boot.test.context.filter.ExcludeFilterContextCustomizer@d44fc21, org.springframework.boot.test.mock.mockito.MockitoContextCustomizer@0, org.springframework.boot.test.autoconfigure.properties.PropertyMappingContextCustomizer@0, org.springframework.boot.test.autoconfigure.web.servlet.WebDriverContextCustomizerFactory$Customizer@11438d26], resourceBasePath = 'src/main/webapp', contextLoader = 'org.springframework.boot.test.context.SpringBootContextLoader', parent = [null]], attributes = map['org.springframework.test.context.web.ServletTestExecutionListener.activateListener' -> false]], class annotated with @DirtiesContext [true] with mode [AFTER_CLASS].
19:28:47.172 [main] DEBUG org.springframework.test.annotation.ProfileValueUtils - Retrieved @ProfileValueSourceConfiguration [null] for test class [sample.metrics.redis.SampleRedisExportApplicationTests]
19:28:47.172 [main] DEBUG org.springframework.test.annotation.ProfileValueUtils - Retrieved ProfileValueSource type [class org.springframework.test.annotation.SystemProfileValueSource] for class [sample.metrics.redis.SampleRedisExportApplicationTests]
19:28:47.173 [main] DEBUG org.springframework.test.context.support.DependencyInjectionTestExecutionListener - Performing dependency injection for test context [[DefaultTestContext@8909f18 testClass = SampleRedisExportApplicationTests, testInstance = sample.metrics.redis.SampleRedisExportApplicationTests@7ff95560, testMethod = [null], testException = [null], mergedContextConfiguration = [WebMergedContextConfiguration@79ca92b9 testClass = SampleRedisExportApplicationTests, locations = '{}', classes = '{class sample.metrics.redis.SampleRedisExportApplication}', contextInitializerClasses = '[]', activeProfiles = '{}', propertySourceLocations = '{}', propertySourceProperties = '{spring.jmx.enabled=true, org.springframework.boot.test.context.SpringBootTestContextBootstrapper=true, server.port=0}', contextCustomizers = set[org.springframework.boot.test.context.SpringBootTestContextCustomizer@71bbf57e, org.springframework.boot.test.context.filter.ExcludeFilterContextCustomizer@d44fc21, org.springframework.boot.test.mock.mockito.MockitoContextCustomizer@0, org.springframework.boot.test.autoconfigure.properties.PropertyMappingContextCustomizer@0, org.springframework.boot.test.autoconfigure.web.servlet.WebDriverContextCustomizerFactory$Customizer@11438d26], resourceBasePath = 'src/main/webapp', contextLoader = 'org.springframework.boot.test.context.SpringBootContextLoader', parent = [null]], attributes = map['org.springframework.test.context.web.ServletTestExecutionListener.activateListener' -> false]]].
19:28:47.215 [main] DEBUG org.springframework.core.env.StandardEnvironment - Adding [systemProperties] PropertySource with lowest search precedence
19:28:47.215 [main] DEBUG org.springframework.core.env.StandardEnvironment - Adding [systemEnvironment] PropertySource with lowest search precedence
19:28:47.215 [main] DEBUG org.springframework.core.env.StandardEnvironment - Initialized StandardEnvironment with PropertySources [systemProperties,systemEnvironment]
19:28:47.216 [main] DEBUG org.springframework.test.context.support.TestPropertySourceUtils - Adding inlined properties to environment: {spring.jmx.enabled=false, spring.jmx.enabled=true, org.springframework.boot.test.context.SpringBootTestContextBootstrapper=true, server.port=0}
19:28:47.216 [main] DEBUG org.springframework.core.env.StandardEnvironment - Adding [Inlined Test Properties] PropertySource with highest search precedence

  .   ____          _            __ _ _
 /\\ / ___'_ __ _ _(_)_ __  __ _ \ \ \ \
( ( )\___ | '_ | '_| | '_ \/ _` | \ \ \ \
 \\/  ___)| |_)| | | | | || (_| |  ) ) ) )
  '  |____| .__|_| |_|_| |_\__, | / / / /
 =========|_|==============|___/=/_/_/_/
 :: Spring Boot ::  (v2.0.0.BUILD-SNAPSHOT)

2016-12-11 19:28:47.514  INFO 18610 --- [           main] s.m.r.SampleRedisExportApplicationTests  : Starting SampleRedisExportApplicationTests on Freds-MacBook-Pro-2.local with PID 18610 (started by fjabbari in /Users/fjabbari/RepoSpringBoot_spring-projects_spring-boot_goodExamples_github_good/spring-boot/spring-boot-samples/spring-boot-sample-metrics-redis)
2016-12-11 19:28:47.514  INFO 18610 --- [           main] s.m.r.SampleRedisExportApplicationTests  : No active profile set, falling back to default profiles: default
2016-12-11 19:28:47.529  INFO 18610 --- [           main] ationConfigEmbeddedWebApplicationContext : Refreshing org.springframework.boot.context.embedded.AnnotationConfigEmbeddedWebApplicationContext@7dc3712: startup date [Sun Dec 11 19:28:47 CST 2016]; root of context hierarchy
2016-12-11 19:28:48.449  INFO 18610 --- [           main] trationDelegate$BeanPostProcessorChecker : Bean 'org.springframework.boot.autoconfigure.validation.ValidationAutoConfiguration' of type [class org.springframework.boot.autoconfigure.validation.ValidationAutoConfiguration] is not eligible for getting processed by all BeanPostProcessors (for example: not eligible for auto-proxying)
2016-12-11 19:28:48.723  INFO 18610 --- [           main] s.b.c.e.t.TomcatEmbeddedServletContainer : Tomcat initialized with port(s): 0 (http)
2016-12-11 19:28:48.732  INFO 18610 --- [           main] o.apache.catalina.core.StandardService   : Starting service Tomcat
2016-12-11 19:28:48.733  INFO 18610 --- [           main] org.apache.catalina.core.StandardEngine  : Starting Servlet Engine: Apache Tomcat/8.5.6
2016-12-11 19:28:48.800  INFO 18610 --- [ost-startStop-1] o.a.c.c.C.[Tomcat].[localhost].[/]       : Initializing Spring embedded WebApplicationContext
2016-12-11 19:28:48.801  INFO 18610 --- [ost-startStop-1] o.s.web.context.ContextLoader            : Root WebApplicationContext: initialization completed in 1274 ms
2016-12-11 19:28:48.954  INFO 18610 --- [ost-startStop-1] o.s.b.w.servlet.ServletRegistrationBean  : Mapping servlet: 'dispatcherServlet' to [/]
2016-12-11 19:28:48.957  INFO 18610 --- [ost-startStop-1] o.s.b.w.servlet.FilterRegistrationBean   : Mapping filter: 'metricsFilter' to: [/*]
2016-12-11 19:28:48.958  INFO 18610 --- [ost-startStop-1] o.s.b.w.servlet.FilterRegistrationBean   : Mapping filter: 'characterEncodingFilter' to: [/*]
2016-12-11 19:28:48.958  INFO 18610 --- [ost-startStop-1] o.s.b.w.servlet.FilterRegistrationBean   : Mapping filter: 'hiddenHttpMethodFilter' to: [/*]
2016-12-11 19:28:48.958  INFO 18610 --- [ost-startStop-1] o.s.b.w.servlet.FilterRegistrationBean   : Mapping filter: 'httpPutFormContentFilter' to: [/*]
2016-12-11 19:28:48.958  INFO 18610 --- [ost-startStop-1] o.s.b.w.servlet.FilterRegistrationBean   : Mapping filter: 'requestContextFilter' to: [/*]
2016-12-11 19:28:48.958  INFO 18610 --- [ost-startStop-1] o.s.b.w.servlet.FilterRegistrationBean   : Mapping filter: 'webRequestLoggingFilter' to: [/*]
2016-12-11 19:28:48.958  INFO 18610 --- [ost-startStop-1] o.s.b.w.servlet.FilterRegistrationBean   : Mapping filter: 'applicationContextIdFilter' to: [/*]
2016-12-11 19:28:49.381  INFO 18610 --- [           main] s.w.s.m.m.a.RequestMappingHandlerAdapter : Looking for @ControllerAdvice: org.springframework.boot.context.embedded.AnnotationConfigEmbeddedWebApplicationContext@7dc3712: startup date [Sun Dec 11 19:28:47 CST 2016]; root of context hierarchy
2016-12-11 19:28:49.431  INFO 18610 --- [           main] s.w.s.m.m.a.RequestMappingHandlerMapping : Mapped "{[/],methods=[GET]}" onto public java.util.Map<java.lang.String, java.lang.String> sample.metrics.redis.SampleController.hello()
2016-12-11 19:28:49.433  INFO 18610 --- [           main] s.w.s.m.m.a.RequestMappingHandlerMapping : Mapped "{[/error]}" onto public org.springframework.http.ResponseEntity<java.util.Map<java.lang.String, java.lang.Object>> org.springframework.boot.autoconfigure.web.BasicErrorController.error(javax.servlet.http.HttpServletRequest)
2016-12-11 19:28:49.433  INFO 18610 --- [           main] s.w.s.m.m.a.RequestMappingHandlerMapping : Mapped "{[/error],produces=[text/html]}" onto public org.springframework.web.servlet.ModelAndView org.springframework.boot.autoconfigure.web.BasicErrorController.errorHtml(javax.servlet.http.HttpServletRequest,javax.servlet.http.HttpServletResponse)
2016-12-11 19:28:49.459  INFO 18610 --- [           main] o.s.w.s.handler.SimpleUrlHandlerMapping  : Mapped URL path [/webjars/**] onto handler of type [class org.springframework.web.servlet.resource.ResourceHttpRequestHandler]
2016-12-11 19:28:49.459  INFO 18610 --- [           main] o.s.w.s.handler.SimpleUrlHandlerMapping  : Mapped URL path [/**] onto handler of type [class org.springframework.web.servlet.resource.ResourceHttpRequestHandler]
2016-12-11 19:28:49.491  INFO 18610 --- [           main] o.s.w.s.handler.SimpleUrlHandlerMapping  : Mapped URL path [/**/favicon.ico] onto handler of type [class org.springframework.web.servlet.resource.ResourceHttpRequestHandler]
2016-12-11 19:28:49.726  INFO 18610 --- [           main] o.s.b.a.e.mvc.EndpointHandlerMapping     : Mapped "{[/env/{name:.*}],methods=[GET],produces=[application/json]}" onto public java.lang.Object org.springframework.boot.actuate.endpoint.mvc.EnvironmentMvcEndpoint.value(java.lang.String)
2016-12-11 19:28:49.726  INFO 18610 --- [           main] o.s.b.a.e.mvc.EndpointHandlerMapping     : Mapped "{[/env || /env.json],methods=[GET],produces=[application/json]}" onto public java.lang.Object org.springframework.boot.actuate.endpoint.mvc.EndpointMvcAdapter.invoke()
2016-12-11 19:28:49.726  INFO 18610 --- [           main] o.s.b.a.e.mvc.EndpointHandlerMapping     : Mapped "{[/heapdump || /heapdump.json],methods=[GET],produces=[application/octet-stream]}" onto public void org.springframework.boot.actuate.endpoint.mvc.HeapdumpMvcEndpoint.invoke(boolean,javax.servlet.http.HttpServletRequest,javax.servlet.http.HttpServletResponse) throws java.io.IOException,javax.servlet.ServletException
2016-12-11 19:28:49.728  INFO 18610 --- [           main] o.s.b.a.e.mvc.EndpointHandlerMapping     : Mapped "{[/mappings || /mappings.json],methods=[GET],produces=[application/json]}" onto public java.lang.Object org.springframework.boot.actuate.endpoint.mvc.EndpointMvcAdapter.invoke()
2016-12-11 19:28:49.729  INFO 18610 --- [           main] o.s.b.a.e.mvc.EndpointHandlerMapping     : Mapped "{[/beans || /beans.json],methods=[GET],produces=[application/json]}" onto public java.lang.Object org.springframework.boot.actuate.endpoint.mvc.EndpointMvcAdapter.invoke()
2016-12-11 19:28:49.730  INFO 18610 --- [           main] o.s.b.a.e.mvc.EndpointHandlerMapping     : Mapped "{[/configprops || /configprops.json],methods=[GET],produces=[application/json]}" onto public java.lang.Object org.springframework.boot.actuate.endpoint.mvc.EndpointMvcAdapter.invoke()
2016-12-11 19:28:49.731  INFO 18610 --- [           main] o.s.b.a.e.mvc.EndpointHandlerMapping     : Mapped "{[/metrics/{name:.*}],methods=[GET],produces=[application/json]}" onto public java.lang.Object org.springframework.boot.actuate.endpoint.mvc.MetricsMvcEndpoint.value(java.lang.String)
2016-12-11 19:28:49.731  INFO 18610 --- [           main] o.s.b.a.e.mvc.EndpointHandlerMapping     : Mapped "{[/metrics || /metrics.json],methods=[GET],produces=[application/json]}" onto public java.lang.Object org.springframework.boot.actuate.endpoint.mvc.EndpointMvcAdapter.invoke()
2016-12-11 19:28:49.732  INFO 18610 --- [           main] o.s.b.a.e.mvc.EndpointHandlerMapping     : Mapped "{[/autoconfig || /autoconfig.json],methods=[GET],produces=[application/json]}" onto public java.lang.Object org.springframework.boot.actuate.endpoint.mvc.EndpointMvcAdapter.invoke()
2016-12-11 19:28:49.734  INFO 18610 --- [           main] o.s.b.a.e.mvc.EndpointHandlerMapping     : Mapped "{[/dump || /dump.json],methods=[GET],produces=[application/json]}" onto public java.lang.Object org.springframework.boot.actuate.endpoint.mvc.EndpointMvcAdapter.invoke()
2016-12-11 19:28:49.735  INFO 18610 --- [           main] o.s.b.a.e.mvc.EndpointHandlerMapping     : Mapped "{[/info || /info.json],methods=[GET],produces=[application/json]}" onto public java.lang.Object org.springframework.boot.actuate.endpoint.mvc.EndpointMvcAdapter.invoke()
2016-12-11 19:28:49.735  INFO 18610 --- [           main] o.s.b.a.e.mvc.EndpointHandlerMapping     : Mapped "{[/health || /health.json],produces=[application/json]}" onto public java.lang.Object org.springframework.boot.actuate.endpoint.mvc.HealthMvcEndpoint.invoke(java.security.Principal)
2016-12-11 19:28:49.736  INFO 18610 --- [           main] o.s.b.a.e.mvc.EndpointHandlerMapping     : Mapped "{[/trace || /trace.json],methods=[GET],produces=[application/json]}" onto public java.lang.Object org.springframework.boot.actuate.endpoint.mvc.EndpointMvcAdapter.invoke()
2016-12-11 19:28:49.738  INFO 18610 --- [           main] o.s.b.a.e.mvc.EndpointHandlerMapping     : Mapped "{[/loggers/{name:.*}],methods=[GET],produces=[application/json]}" onto public java.lang.Object org.springframework.boot.actuate.endpoint.mvc.LoggersMvcEndpoint.get(java.lang.String)
2016-12-11 19:28:49.738  INFO 18610 --- [           main] o.s.b.a.e.mvc.EndpointHandlerMapping     : Mapped "{[/loggers/{name:.*}],methods=[POST],consumes=[application/json],produces=[application/json]}" onto public java.lang.Object org.springframework.boot.actuate.endpoint.mvc.LoggersMvcEndpoint.set(java.lang.String,java.util.Map<java.lang.String, java.lang.String>)
2016-12-11 19:28:49.738  INFO 18610 --- [           main] o.s.b.a.e.mvc.EndpointHandlerMapping     : Mapped "{[/loggers || /loggers.json],methods=[GET],produces=[application/json]}" onto public java.lang.Object org.springframework.boot.actuate.endpoint.mvc.EndpointMvcAdapter.invoke()
2016-12-11 19:28:49.810  INFO 18610 --- [           main] o.s.j.e.a.AnnotationMBeanExporter        : Registering beans for JMX exposure on startup
2016-12-11 19:28:49.816  INFO 18610 --- [           main] o.s.j.e.a.AnnotationMBeanExporter        : Bean with name 'jmxMetricWriter' has been autodetected for JMX exposure
2016-12-11 19:28:49.819  INFO 18610 --- [           main] o.s.j.e.a.AnnotationMBeanExporter        : Located managed bean 'jmxMetricWriter': registering with JMX server as MBean [org.springframework.boot:name=jmxMetricWriter,type=JmxMetricWriter]
2016-12-11 19:28:49.831  INFO 18610 --- [           main] o.s.c.support.DefaultLifecycleProcessor  : Starting beans in phase 0
2016-12-11 19:28:49.887  INFO 18610 --- [           main] s.a.ScheduledAnnotationBeanPostProcessor : No TaskScheduler/ScheduledExecutorService bean found for scheduled processing
2016-12-11 19:28:49.928  INFO 18610 --- [           main] s.b.c.e.t.TomcatEmbeddedServletContainer : Tomcat started on port(s): 56420 (http)
2016-12-11 19:28:49.932  INFO 18610 --- [           main] s.m.r.SampleRedisExportApplicationTests  : Started SampleRedisExportApplicationTests in 2.713 seconds (JVM running for 3.238)
2016-12-11 19:28:50.014  INFO 18610 --- [           main] ationConfigEmbeddedWebApplicationContext : Closing org.springframework.boot.context.embedded.AnnotationConfigEmbeddedWebApplicationContext@7dc3712: startup date [Sun Dec 11 19:28:47 CST 2016]; root of context hierarchy
2016-12-11 19:28:50.015  INFO 18610 --- [           main] o.s.c.support.DefaultLifecycleProcessor  : Stopping beans in phase 0
2016-12-11 19:28:50.017  INFO 18610 --- [           main] o.s.j.e.a.AnnotationMBeanExporter        : Unregistering JMX-exposed beans on shutdown
2016-12-11 19:28:50.017  INFO 18610 --- [           main] o.s.j.e.a.AnnotationMBeanExporter        : Unregistering JMX-exposed beans
Tests run: 1, Failures: 0, Errors: 0, Skipped: 0, Time elapsed: 2.933 sec - in sample.metrics.redis.SampleRedisExportApplicationTests

Results :

Tests run: 1, Failures: 0, Errors: 0, Skipped: 0

[INFO] 
[INFO] --- maven-jar-plugin:3.0.2:jar (default-jar) @ spring-boot-sample-metrics-redis ---
[INFO] Building jar: /Users/fjabbari/RepoSpringBoot_spring-projects_spring-boot_goodExamples_github_good/spring-boot/spring-boot-samples/spring-boot-sample-metrics-redis/target/spring-boot-sample-metrics-redis-2.0.0.BUILD-SNAPSHOT.jar
[INFO] 
[INFO] --- spring-boot-maven-plugin:2.0.0.BUILD-SNAPSHOT:repackage (default) @ spring-boot-sample-metrics-redis ---
[INFO] ------------------------------------------------------------------------
[INFO] BUILD SUCCESS
[INFO] ------------------------------------------------------------------------
[INFO] Total time: 5.739 s
[INFO] Finished at: 2016-12-11T19:28:50-06:00
[INFO] Final Memory: 36M/239M
[INFO] ------------------------------------------------------------------------
